Traceback (most recent call last):
  File "/Users/edwardke/heyday/backend/venv/lib/python3.9/site-packages/django/core/management/base.py", line 412, in run_from_argv
    self.execute(*args, **cmd_options)
  File "/Users/edwardke/heyday/backend/venv/lib/python3.9/site-packages/django/core/management/commands/runserver.py", line 74, in execute
    super().execute(*args, **options)
  File "/Users/edwardke/heyday/backend/venv/lib/python3.9/site-packages/django/core/management/base.py", line 458, in execute
    output = self.handle(*args, **options)
  File "/Users/edwardke/heyday/backend/venv/lib/python3.9/site-packages/django/core/management/commands/runserver.py", line 81, in handle
    if not settings.DEBUG and not settings.ALLOWED_HOSTS:
  File "/Users/edwardke/heyday/backend/venv/lib/python3.9/site-packages/django/conf/__init__.py", line 102, in __getattr__
    self._setup(name)
  File "/Users/edwardke/heyday/backend/venv/lib/python3.9/site-packages/django/conf/__init__.py", line 89, in _setup
    self._wrapped = Settings(settings_module)
  File "/Users/edwardke/heyday/backend/venv/lib/python3.9/site-packages/django/conf/__init__.py", line 217, in __init__
    mod = importlib.import_module(self.SETTINGS_MODULE)
  File "/Library/Developer/CommandLineTools/Library/Frameworks/Python3.framework/Versions/3.9/lib/python3.9/importlib/__init__.py", line 127, in import_module
    return _bootstrap._gcd_import(name[level:], package, level)
  File "<frozen importlib._bootstrap>", line 1030, in _gcd_import
  File "<frozen importlib._bootstrap>", line 1007, in _find_and_load
  File "<frozen importlib._bootstrap>", line 986, in _find_and_load_unlocked
  File "<frozen importlib._bootstrap>", line 680, in _load_unlocked
  File "<frozen importlib._bootstrap_external>", line 850, in exec_module
  File "<frozen importlib._bootstrap>", line 228, in _call_with_frames_removed
  File "/Users/edwardke/heyday/backend/heyday_backend/settings.py", line 7, in <module>
    from dotenv import load_dotenv
ModuleNotFoundError: No module named 'dotenv'

During handling of the above exception, another exception occurred:

Traceback (most recent call last):
  File "/Users/edwardke/heyday/backend/manage.py", line 20, in <module>
    main()
  File "/Users/edwardke/heyday/backend/manage.py", line 16, in main
    execute_from_command_line(sys.argv)
  File "/Users/edwardke/heyday/backend/venv/lib/python3.9/site-packages/django/core/management/__init__.py", line 442, in execute_from_command_line
    utility.execute()
  File "/Users/edwardke/heyday/backend/venv/lib/python3.9/site-packages/django/core/management/__init__.py", line 436, in execute
    self.fetch_command(subcommand).run_from_argv(self.argv)
  File "/Users/edwardke/heyday/backend/venv/lib/python3.9/site-packages/django/core/management/base.py", line 425, in run_from_argv
    connections.close_all()
  File "/Users/edwardke/heyday/backend/venv/lib/python3.9/site-packages/django/utils/connection.py", line 84, in close_all
    for conn in self.all(initialized_only=True):
  File "/Users/edwardke/heyday/backend/venv/lib/python3.9/site-packages/django/utils/connection.py", line 76, in all
    return [
  File "/Users/edwardke/heyday/backend/venv/lib/python3.9/site-packages/django/utils/connection.py", line 73, in __iter__
    return iter(self.settings)
  File "/Users/edwardke/heyday/backend/venv/lib/python3.9/site-packages/django/utils/functional.py", line 57, in __get__
    res = instance.__dict__[self.name] = self.func(instance)
  File "/Users/edwardke/heyday/backend/venv/lib/python3.9/site-packages/django/utils/connection.py", line 45, in settings
    self._settings = self.configure_settings(self._settings)
  File "/Users/edwardke/heyday/backend/venv/lib/python3.9/site-packages/django/db/utils.py", line 148, in configure_settings
    databases = super().configure_settings(databases)
  File "/Users/edwardke/heyday/backend/venv/lib/python3.9/site-packages/django/utils/connection.py", line 50, in configure_settings
    settings = getattr(django_settings, self.settings_name)
  File "/Users/edwardke/heyday/backend/venv/lib/python3.9/site-packages/django/conf/__init__.py", line 102, in __getattr__
    self._setup(name)
  File "/Users/edwardke/heyday/backend/venv/lib/python3.9/site-packages/django/conf/__init__.py", line 89, in _setup
    self._wrapped = Settings(settings_module)
  File "/Users/edwardke/heyday/backend/venv/lib/python3.9/site-packages/django/conf/__init__.py", line 217, in __init__
    mod = importlib.import_module(self.SETTINGS_MODULE)
  File "/Library/Developer/CommandLineTools/Library/Frameworks/Python3.framework/Versions/3.9/lib/python3.9/importlib/__init__.py", line 127, in import_module
    return _bootstrap._gcd_import(name[level:], package, level)
  File "<frozen importlib._bootstrap>", line 1030, in _gcd_import
  File "<frozen importlib._bootstrap>", line 1007, in _find_and_load
  File "<frozen importlib._bootstrap>", line 986, in _find_and_load_unlocked
  File "<frozen importlib._bootstrap>", line 680, in _load_unlocked
  File "<frozen importlib._bootstrap_external>", line 850, in exec_module
  File "<frozen importlib._bootstrap>", line 228, in _call_with_frames_removed
  File "/Users/edwardke/heyday/backend/heyday_backend/settings.py", line 7, in <module>
    from dotenv import load_dotenv
ModuleNotFoundError: No module named 'dotenv'
